E:\WS\SIMULATOR\SCHEDULER\RANDOMVARIABLEGENERATION\DEBUG\RANDOMVARIABLEGENERATION.BSC
E:\WS\SIMULATOR\SCHEDULER\RANDOMVARIABLEGENERATION\DEBUG\BASEDISTRIBUTION.SBR
E:\WS\SIMULATOR\SCHEDULER\RANDOMVARIABLEGENERATION\DEBUG\BASEGEN.SBR
E:\WS\SIMULATOR\SCHEDULER\RANDOMVARIABLEGENERATION\DEBUG\BETAGEN.SBR
E:\WS\SIMULATOR\SCHEDULER\RANDOMVARIABLEGENERATION\DEBUG\BINOMIALGEN.SBR
E:\WS\SIMULATOR\SCHEDULER\RANDOMVARIABLEGENERATION\DEBUG\BINOMIALGENBTPEC.SBR
E:\WS\SIMULATOR\SCHEDULER\RANDOMVARIABLEGENERATION\DEBUG\BOOLEANDISTRIBUTION.SBR
E:\WS\SIMULATOR\SCHEDULER\RANDOMVARIABLEGENERATION\DEBUG\CAUCHYGEN.SBR
E:\WS\SIMULATOR\SCHEDULER\RANDOMVARIABLEGENERATION\DEBUG\CONTINUOUSDISTRIBUTION.SBR
E:\WS\SIMULATOR\SCHEDULER\RANDOMVARIABLEGENERATION\DEBUG\DISCRETEDISTRIBUTION.SBR
E:\WS\SIMULATOR\SCHEDULER\RANDOMVARIABLEGENERATION\DEBUG\DISCRETEGEN.SBR
E:\WS\SIMULATOR\SCHEDULER\RANDOMVARIABLEGENERATION\DEBUG\DRAWGEN.SBR
E:\WS\SIMULATOR\SCHEDULER\RANDOMVARIABLEGENERATION\DEBUG\ERLANGGEN.SBR
E:\WS\SIMULATOR\SCHEDULER\RANDOMVARIABLEGENERATION\DEBUG\GAMMAGEN.SBR
E:\WS\SIMULATOR\SCHEDULER\RANDOMVARIABLEGENERATION\DEBUG\GEOMETRICGEN.SBR
E:\WS\SIMULATOR\SCHEDULER\RANDOMVARIABLEGENERATION\DEBUG\LOGNORMALGEN.SBR
E:\WS\SIMULATOR\SCHEDULER\RANDOMVARIABLEGENERATION\DEBUG\NEGEXPGEN.SBR
E:\WS\SIMULATOR\SCHEDULER\RANDOMVARIABLEGENERATION\DEBUG\NORMALGEN.SBR
E:\WS\SIMULATOR\SCHEDULER\RANDOMVARIABLEGENERATION\DEBUG\PARETOGEN.SBR
E:\WS\SIMULATOR\SCHEDULER\RANDOMVARIABLEGENERATION\DEBUG\POISSONGEN.SBR
E:\WS\SIMULATOR\SCHEDULER\RANDOMVARIABLEGENERATION\DEBUG\RANDINTGEN.SBR
E:\WS\SIMULATOR\SCHEDULER\RANDOMVARIABLEGENERATION\DEBUG\RANDINTGEN.OBJ
E:\WS\SIMULATOR\SCHEDULER\RANDOMVARIABLEGENERATION\DEBUG\POISSONGEN.OBJ
E:\WS\SIMULATOR\SCHEDULER\RANDOMVARIABLEGENERATION\DEBUG\PARETOGEN.OBJ
E:\WS\SIMULATOR\SCHEDULER\RANDOMVARIABLEGENERATION\DEBUG\NORMALGEN.OBJ
E:\WS\SIMULATOR\SCHEDULER\RANDOMVARIABLEGENERATION\DEBUG\NEGEXPGEN.OBJ
E:\WS\SIMULATOR\SCHEDULER\RANDOMVARIABLEGENERATION\DEBUG\LOGNORMALGEN.OBJ
E:\WS\SIMULATOR\SCHEDULER\RANDOMVARIABLEGENERATION\DEBUG\GEOMETRICGEN.OBJ
E:\WS\SIMULATOR\SCHEDULER\RANDOMVARIABLEGENERATION\DEBUG\GAMMAGEN.OBJ
E:\WS\SIMULATOR\SCHEDULER\RANDOMVARIABLEGENERATION\DEBUG\ERLANGGEN.OBJ
E:\WS\SIMULATOR\SCHEDULER\RANDOMVARIABLEGENERATION\DEBUG\DRAWGEN.OBJ
E:\WS\SIMULATOR\SCHEDULER\RANDOMVARIABLEGENERATION\DEBUG\DISCRETEGEN.OBJ
E:\WS\SIMULATOR\SCHEDULER\RANDOMVARIABLEGENERATION\DEBUG\DISCRETEDISTRIBUTION.OBJ
E:\WS\SIMULATOR\SCHEDULER\RANDOMVARIABLEGENERATION\DEBUG\CONTINUOUSDISTRIBUTION.OBJ
E:\WS\SIMULATOR\SCHEDULER\RANDOMVARIABLEGENERATION\DEBUG\CAUCHYGEN.OBJ
E:\WS\SIMULATOR\SCHEDULER\RANDOMVARIABLEGENERATION\DEBUG\BOOLEANDISTRIBUTION.OBJ
E:\WS\SIMULATOR\SCHEDULER\RANDOMVARIABLEGENERATION\DEBUG\BINOMIALGEN.OBJ
E:\WS\SIMULATOR\SCHEDULER\RANDOMVARIABLEGENERATION\DEBUG\BETAGEN.OBJ
E:\WS\SIMULATOR\SCHEDULER\RANDOMVARIABLEGENERATION\DEBUG\BASEGEN.OBJ
E:\WS\SIMULATOR\SCHEDULER\RANDOMVARIABLEGENERATION\DEBUG\BASEDISTRIBUTION.OBJ
E:\WS\SIMULATOR\SCHEDULER\RANDOMVARIABLEGENERATION\DEBUG\RAYLEIGHGEN.SBR
E:\WS\SIMULATOR\SCHEDULER\RANDOMVARIABLEGENERATION\DEBUG\TRUNCATEDCAUCHYGEN.SBR
E:\WS\SIMULATOR\SCHEDULER\RANDOMVARIABLEGENERATION\DEBUG\TRUNCATEDGEOMETRICGEN.SBR
E:\WS\SIMULATOR\SCHEDULER\RANDOMVARIABLEGENERATION\DEBUG\TRUNCATEDLOGNORMALGEN.SBR
E:\WS\SIMULATOR\SCHEDULER\RANDOMVARIABLEGENERATION\DEBUG\TRUNCATEDPARETOGEN.SBR
E:\WS\SIMULATOR\SCHEDULER\RANDOMVARIABLEGENERATION\DEBUG\TRUNCATEDWEIBULLGEN.SBR
E:\WS\SIMULATOR\SCHEDULER\RANDOMVARIABLEGENERATION\DEBUG\UNIFORMGEN.SBR
E:\WS\SIMULATOR\SCHEDULER\RANDOMVARIABLEGENERATION\DEBUG\WEIBULLGEN.SBR
E:\WS\SIMULATOR\SCHEDULER\RANDOMVARIABLEGENERATION\DEBUG\WEIBULLGEN.OBJ
E:\WS\SIMULATOR\SCHEDULER\RANDOMVARIABLEGENERATION\DEBUG\UNIFORMGEN.OBJ
E:\WS\SIMULATOR\SCHEDULER\RANDOMVARIABLEGENERATION\DEBUG\TRUNCATEDWEIBULLGEN.OBJ
E:\WS\SIMULATOR\SCHEDULER\RANDOMVARIABLEGENERATION\DEBUG\TRUNCATEDPARETOGEN.OBJ
E:\WS\SIMULATOR\SCHEDULER\RANDOMVARIABLEGENERATION\DEBUG\TRUNCATEDLOGNORMALGEN.OBJ
E:\WS\SIMULATOR\SCHEDULER\RANDOMVARIABLEGENERATION\DEBUG\TRUNCATEDGEOMETRICGEN.OBJ
E:\WS\SIMULATOR\SCHEDULER\RANDOMVARIABLEGENERATION\DEBUG\TRUNCATEDCAUCHYGEN.OBJ
E:\WS\SIMULATOR\SCHEDULER\RANDOMVARIABLEGENERATION\DEBUG\RAYLEIGHGEN.OBJ
E:\WS\SIMULATOR\SCHEDULER\RANDOMVARIABLEGENERATION\DEBUG\
E:\WS\SIMULATOR\SCHEDULER\RANDOMVARIABLEGENERATION\DEBUG\BINOMIALGENBTPEC.OBJ
E:\WS\SIMULATOR\SCHEDULER\RANDOMVARIABLEGENERATION\DEBUG\RANDOMGEN.LIB
E:\ws\Simulator\Scheduler\RandomVariableGeneration\Debug\BaseDistribution.obj
E:\ws\Simulator\Scheduler\RandomVariableGeneration\Debug\BaseGen.obj
E:\ws\Simulator\Scheduler\RandomVariableGeneration\Debug\BetaGen.obj
E:\ws\Simulator\Scheduler\RandomVariableGeneration\Debug\BinomialGen.obj
E:\ws\Simulator\Scheduler\RandomVariableGeneration\Debug\BinomialGenBtpec.obj
E:\ws\Simulator\Scheduler\RandomVariableGeneration\Debug\BooleanDistribution.obj
E:\ws\Simulator\Scheduler\RandomVariableGeneration\Debug\CauchyGen.obj
E:\ws\Simulator\Scheduler\RandomVariableGeneration\Debug\ContinuousDistribution.obj
E:\ws\Simulator\Scheduler\RandomVariableGeneration\Debug\DiscreteDistribution.obj
E:\ws\Simulator\Scheduler\RandomVariableGeneration\Debug\DiscreteGen.obj
E:\ws\Simulator\Scheduler\RandomVariableGeneration\Debug\DrawGen.obj
E:\ws\Simulator\Scheduler\RandomVariableGeneration\Debug\ErlangGen.obj
E:\ws\Simulator\Scheduler\RandomVariableGeneration\Debug\GammaGen.obj
E:\ws\Simulator\Scheduler\RandomVariableGeneration\Debug\GeometricGen.obj
E:\ws\Simulator\Scheduler\RandomVariableGeneration\Debug\LogNormalGen.obj
E:\ws\Simulator\Scheduler\RandomVariableGeneration\Debug\NegExpGen.obj
E:\ws\Simulator\Scheduler\RandomVariableGeneration\Debug\NormalGen.obj
E:\ws\Simulator\Scheduler\RandomVariableGeneration\Debug\ParetoGen.obj
E:\ws\Simulator\Scheduler\RandomVariableGeneration\Debug\PoissonGen.obj
E:\ws\Simulator\Scheduler\RandomVariableGeneration\Debug\RandIntGen.obj
E:\ws\Simulator\Scheduler\RandomVariableGeneration\Debug\RayleighGen.obj
E:\ws\Simulator\Scheduler\RandomVariableGeneration\Debug\TruncatedCauchyGen.obj
E:\ws\Simulator\Scheduler\RandomVariableGeneration\Debug\TruncatedGeometricGen.obj
E:\ws\Simulator\Scheduler\RandomVariableGeneration\Debug\TruncatedLogNormalGen.obj
E:\ws\Simulator\Scheduler\RandomVariableGeneration\Debug\TruncatedParetoGen.obj
E:\ws\Simulator\Scheduler\RandomVariableGeneration\Debug\TruncatedWeibullGen.obj
E:\ws\Simulator\Scheduler\RandomVariableGeneration\Debug\UniformGen.obj
E:\ws\Simulator\Scheduler\RandomVariableGeneration\Debug\WeibullGen.obj
E:\ws\Simulator\Scheduler\RandomVariableGeneration\Debug\BscMake.command.1.tlog
E:\ws\Simulator\Scheduler\RandomVariableGeneration\Debug\bscmake.read.1.tlog
E:\ws\Simulator\Scheduler\RandomVariableGeneration\Debug\bscmake.write.1.tlog
E:\ws\Simulator\Scheduler\RandomVariableGeneration\Debug\cl.command.1.tlog
E:\ws\Simulator\Scheduler\RandomVariableGeneration\Debug\CL.read.1.tlog
E:\ws\Simulator\Scheduler\RandomVariableGeneration\Debug\CL.write.1.tlog
E:\ws\Simulator\Scheduler\RandomVariableGeneration\Debug\Lib-link.read.1.tlog
E:\ws\Simulator\Scheduler\RandomVariableGeneration\Debug\Lib-link.write.1.tlog
E:\ws\Simulator\Scheduler\RandomVariableGeneration\Debug\lib.command.1.tlog
E:\ws\Simulator\Scheduler\RandomVariableGeneration\Debug\Lib.read.1.tlog
E:\ws\Simulator\Scheduler\RandomVariableGeneration\Debug\Lib.write.1.tlog
E:\ws\Simulator\Scheduler\RandomVariableGeneration\Debug\RandomVariableGeneration.bsc
E:\ws\Simulator\Scheduler\RandomVariableGeneration\Debug\BaseDistribution.sbr
E:\ws\Simulator\Scheduler\RandomVariableGeneration\Debug\BaseGen.sbr
E:\ws\Simulator\Scheduler\RandomVariableGeneration\Debug\BetaGen.sbr
E:\ws\Simulator\Scheduler\RandomVariableGeneration\Debug\BinomialGen.sbr
E:\ws\Simulator\Scheduler\RandomVariableGeneration\Debug\BinomialGenBtpec.sbr
E:\ws\Simulator\Scheduler\RandomVariableGeneration\Debug\BooleanDistribution.sbr
E:\ws\Simulator\Scheduler\RandomVariableGeneration\Debug\CauchyGen.sbr
E:\ws\Simulator\Scheduler\RandomVariableGeneration\Debug\ContinuousDistribution.sbr
E:\ws\Simulator\Scheduler\RandomVariableGeneration\Debug\DiscreteDistribution.sbr
E:\ws\Simulator\Scheduler\RandomVariableGeneration\Debug\DiscreteGen.sbr
E:\ws\Simulator\Scheduler\RandomVariableGeneration\Debug\DrawGen.sbr
E:\ws\Simulator\Scheduler\RandomVariableGeneration\Debug\ErlangGen.sbr
E:\ws\Simulator\Scheduler\RandomVariableGeneration\Debug\GammaGen.sbr
E:\ws\Simulator\Scheduler\RandomVariableGeneration\Debug\GeometricGen.sbr
E:\ws\Simulator\Scheduler\RandomVariableGeneration\Debug\LogNormalGen.sbr
E:\ws\Simulator\Scheduler\RandomVariableGeneration\Debug\NegExpGen.sbr
E:\ws\Simulator\Scheduler\RandomVariableGeneration\Debug\NormalGen.sbr
E:\ws\Simulator\Scheduler\RandomVariableGeneration\Debug\ParetoGen.sbr
E:\ws\Simulator\Scheduler\RandomVariableGeneration\Debug\PoissonGen.sbr
E:\ws\Simulator\Scheduler\RandomVariableGeneration\Debug\RandIntGen.sbr
E:\ws\Simulator\Scheduler\RandomVariableGeneration\Debug\RayleighGen.sbr
E:\ws\Simulator\Scheduler\RandomVariableGeneration\Debug\TruncatedCauchyGen.sbr
E:\ws\Simulator\Scheduler\RandomVariableGeneration\Debug\TruncatedGeometricGen.sbr
E:\ws\Simulator\Scheduler\RandomVariableGeneration\Debug\TruncatedLogNormalGen.sbr
E:\ws\Simulator\Scheduler\RandomVariableGeneration\Debug\TruncatedParetoGen.sbr
E:\ws\Simulator\Scheduler\RandomVariableGeneration\Debug\TruncatedWeibullGen.sbr
E:\ws\Simulator\Scheduler\RandomVariableGeneration\Debug\UniformGen.sbr
E:\ws\Simulator\Scheduler\RandomVariableGeneration\Debug\WeibullGen.sbr
